0 info it worked if it ends with ok
1 verbose cli [ 'node', '/Users/apple/.npm-packages/bin/npm', 'publish' ]
2 info using npm@2.11.2
3 info using node@v0.12.4
4 verbose publish [ '.' ]
5 silly cache add args [ '.', null ]
6 verbose cache add spec .
7 silly cache add parsed spec { raw: '.',
7 silly cache add   scope: null,
7 silly cache add   name: null,
7 silly cache add   rawSpec: '.',
7 silly cache add   spec: '/Users/apple/Documents/projects/sandbox/feettometers',
7 silly cache add   type: 'directory' }
8 verbose addLocalDirectory /Users/apple/.npm/feet-to-meters/1.0.2/package.tgz not in flight; packing
9 verbose tar pack [ '/Users/apple/.npm/feet-to-meters/1.0.2/package.tgz',
9 verbose tar pack   '/Users/apple/Documents/projects/sandbox/feettometers' ]
10 verbose tarball /Users/apple/.npm/feet-to-meters/1.0.2/package.tgz
11 verbose folder /Users/apple/Documents/projects/sandbox/feettometers
12 info prepublish feet-to-meters@1.0.2
13 verbose addLocalTarball adding from inside cache /Users/apple/.npm/feet-to-meters/1.0.2/package.tgz
14 silly cache afterAdd feet-to-meters@1.0.2
15 verbose afterAdd /Users/apple/.npm/feet-to-meters/1.0.2/package/package.json not in flight; writing
16 verbose afterAdd /Users/apple/.npm/feet-to-meters/1.0.2/package/package.json written
17 silly publish { name: 'feet-to-meters',
17 silly publish   title: 'feettometers.js',
17 silly publish   version: '1.0.2',
17 silly publish   main: 'feettometers.js',
17 silly publish   description: 'Converts feet to meters',
17 silly publish   devDependencies: { jasmine: 'latest' },
17 silly publish   repository:
17 silly publish    { type: 'git',
17 silly publish      url: 'git+https://github.com/joshause/feettometers.git' },
17 silly publish   keywords:
17 silly publish    [ 'feet to meters',
17 silly publish      'feettometers',
17 silly publish      'feet-to-meters',
17 silly publish      'feettometers.js',
17 silly publish      'foot to meter',
17 silly publish      'joshause' ],
17 silly publish   author: { name: 'Josh Ause' },
17 silly publish   engines: { node: '*' },
17 silly publish   scripts: { test: 'jasmine tests/*.js' },
17 silly publish   license: 'MIT',
17 silly publish   bugs: { url: 'https://github.com/joshause/feettometers/issues' },
17 silly publish   readme: '# feettometers.js\n\nJavaScript conversion of feet to meters.\n\n[![Build Status](https://travis-ci.org/joshause/feettometers.svg?branch=master)](https://travis-ci.org/joshause/feettometers)\n[![MIT license](http://img.shields.io/badge/license-MIT-brightgreen.svg)](http://opensource.org/licenses/MIT)\n\n## Usage\n\n### Node.js\n\n```js\nvar FeetToMeters = require("feettometers");\nvar ftm = new FeetToMeters();\nftm.get(1);\n// => 0.3048\n```\n\n### Browser\n\n(Add necessary `<script>` tag reference to `feettometers.js`)\n\n```js\n// FeetToMeters is autoloaded to window.FeetToMeters\nvar ftm = new FeetToMeters();\nftm.get(1);\n// => 0.3048\n```\n\n## Tests\n\n```bash\n$ jasmine\n```\n\n## License\n\nMIT. By [Josh Ause](http://www.github.com/joshause).\n',
17 silly publish   readmeFilename: 'README.md',
17 silly publish   gitHead: 'f8ad02461d56d741cdc684bc6e0307295905937e',
17 silly publish   homepage: 'https://github.com/joshause/feettometers#readme',
17 silly publish   _id: 'feet-to-meters@1.0.2',
17 silly publish   _shasum: '59f91a69229d028ce7a306da1f8d432b5e5fd050',
17 silly publish   _from: '.' }
18 verbose getPublishConfig undefined
19 silly mapToRegistry name feet-to-meters
20 silly mapToRegistry using default registry
21 silly mapToRegistry registry https://registry.npmjs.org/
22 silly mapToRegistry uri https://registry.npmjs.org/feet-to-meters
23 verbose publish registryBase https://registry.npmjs.org/
24 silly publish uploading /Users/apple/.npm/feet-to-meters/1.0.2/package.tgz
25 verbose request uri https://registry.npmjs.org/feet-to-meters
26 verbose request sending authorization for write operation
27 info attempt registry request try #1 at 9:23:24 PM
28 verbose request using bearer token for auth
29 verbose request id 3983144fd481f2ee
30 http request PUT https://registry.npmjs.org/feet-to-meters
31 http 403 https://registry.npmjs.org/feet-to-meters
32 verbose headers { 'content-type': 'application/json',
32 verbose headers   'cache-control': 'max-age=60',
32 verbose headers   'content-length': '95',
32 verbose headers   'accept-ranges': 'bytes',
32 verbose headers   date: 'Thu, 18 Jun 2015 04:23:25 GMT',
32 verbose headers   via: '1.1 varnish',
32 verbose headers   connection: 'keep-alive',
32 verbose headers   'x-served-by': 'cache-sjc3124-SJC',
32 verbose headers   'x-cache': 'MISS',
32 verbose headers   'x-cache-hits': '0',
32 verbose headers   'x-timer': 'S1434601405.166209,VS0,VE174' }
33 verbose request invalidating /Users/apple/.npm/registry.npmjs.org/feet-to-meters on PUT
34 error publish Failed PUT 403
35 verbose stack Error: "You cannot publish over the previously published version 1.0.2." : feet-to-meters
35 verbose stack     at CachingRegistryClient.<anonymous> (/Users/apple/.npm-packages/lib/node_modules/npm/node_modules/npm-registry-client/lib/request.js:247:14)
35 verbose stack     at Request._callback (/Users/apple/.npm-packages/lib/node_modules/npm/node_modules/npm-registry-client/lib/request.js:170:14)
35 verbose stack     at Request.self.callback (/Users/apple/.npm-packages/lib/node_modules/npm/node_modules/request/request.js:354:22)
35 verbose stack     at Request.emit (events.js:110:17)
35 verbose stack     at Request.<anonymous> (/Users/apple/.npm-packages/lib/node_modules/npm/node_modules/request/request.js:1207:14)
35 verbose stack     at Request.emit (events.js:129:20)
35 verbose stack     at IncomingMessage.<anonymous> (/Users/apple/.npm-packages/lib/node_modules/npm/node_modules/request/request.js:1153:12)
35 verbose stack     at IncomingMessage.emit (events.js:129:20)
35 verbose stack     at _stream_readable.js:908:16
35 verbose stack     at process._tickCallback (node.js:355:11)
36 verbose statusCode 403
37 verbose pkgid feet-to-meters
38 verbose cwd /Users/apple/Documents/projects/sandbox/feettometers
39 error Darwin 14.1.0
40 error argv "node" "/Users/apple/.npm-packages/bin/npm" "publish"
41 error node v0.12.4
42 error npm  v2.11.2
43 error code E403
44 error "You cannot publish over the previously published version 1.0.2." : feet-to-meters
45 error If you need help, you may report this error at:
45 error     <https://github.com/npm/npm/issues>
46 verbose exit [ 1, true ]
